2019-12-24 15:17:20.092134 (14533) main____ INFO    ----------------------------------------
2019-12-24 15:17:20.092337 (14533) main____ INFO    JasperGold version info
2019-12-24 15:17:20.092348 (14533) main____ INFO      tool      : JasperGold 2015.12
2019-12-24 15:17:20.092355 (14533) main____ INFO      version   : 2015.12p002 64 bits
2019-12-24 15:17:20.092360 (14533) main____ INFO      build date: 2016.02.22 21:34:12 PST
2019-12-24 15:17:20.092364 (14533) main____ INFO    ----------------------------------------
2019-12-24 15:17:20.092368 (14533) main____ INFO    Runtime info:
2019-12-24 15:17:20.092372 (14533) main____ INFO      platform  : Linux 3.10.0-1062.9.1.el7.x86_64 x86_64
2019-12-24 15:17:20.092379 (14533) main____ INFO      hostname  : compton.princeton.edu
2019-12-24 15:17:20.092383 (14533) main____ INFO      pid       : 14533
2019-12-24 15:17:20.092387 (14533) main____ INFO      arguments : '-style' 'windows'
2019-12-24 15:17:20.092391 (14533) main____ INFO    ----------------------------------------
2019-12-24 15:17:20.094900 (14533) lic__man INFO    Claim 'main' for <ui>.
2019-12-24 15:17:20.100358 (14533) lic_core INFO    (1) checking out 'jasper_interactive' ...
2019-12-24 15:17:20.126764 (14533) lic_core INFO    ... (1) checkout succeeded
2019-12-24 15:17:20.126828 (14533) lic__man INFO    Claim 'fpv' for <ui>.
2019-12-24 15:17:20.126851 (14533) lic_core INFO    (2) checking out 'jasper_fpv' ...
2019-12-24 15:17:20.144555 (14533) lic_core INFO    ... (2) checkout succeeded
2019-12-24 15:17:20.705532 (14533) lic__man INFO    Claim 'fpv' for <ui>.
2019-12-24 15:17:20.913891 (14533) lic__man INFO    Unclaim 'fpv' for <ui>.
2019-12-24 15:17:20.913923 (14533) lic__man INFO    Claim 'fpv' for <ui>.
2019-12-24 15:17:20.929176 (14533) session_ INFO    Starting analysis session with session id 'session_0' ...
2019-12-24 15:17:20.930926 (14533) session_ INFO    Analysis session with session id 'session_0' started (pid: 14544)
2019-12-24 15:17:23.651625 (14533) session_ INFO    Analysis session 'session_0' connected to the console (host: 10.6.62.18:42550)
2019-12-24 15:17:25.576797 (14533) lic__man INFO    Unclaim everything for 'session_0*'.
2019-12-24 15:17:27.860105 (14533) lic__man INFO    Claim 'fpv' for 'session_0'.
2019-12-24 15:17:28.067151 (14533) lic__man INFO    Unclaim everything for 'session_0/prove-0'.
2019-12-24 15:17:52.563191 (14533) main____ INFO    About to exit: requested from GUI
2019-12-24 15:17:52.632766 (14533) main____ INFO    Exiting.
